<?xml version="1.0" encoding="UTF-8"?>
<!-- Generated by org.testng.reporters.JUnitXMLReporter -->
<testsuite ignored="0" hostname="DESKTOP-CABRFRT" failures="0" tests="5" name="Dashboard" time="19.01" errors="0" timestamp="30 Jun 2024 10:25:53 GMT">
  <testcase classname="com.televate.qa.testcases.DashboardPageTest" name="DashboardPageTitleTest" time="0.013"/>
  <testcase classname="com.televate.qa.testcases.DashboardPageTest" name="DashboardUpcomingTileTest" time="7.858"/>
  <testcase classname="com.televate.qa.testcases.DashboardPageTest" name="DashboardDocumentedTileTest" time="0.022"/>
  <testcase classname="com.televate.qa.testcases.DashboardPageTest" name="DashboardMissedTileTest" time="0.044"/>
  <testcase classname="com.televate.qa.testcases.DashboardPageTest" name="DashboardUndocumentedTileTest" time="0.022"/>
</testsuite> <!-- Dashboard -->
