<?xml version="1.0" encoding="UTF-8"?>
<!-- Generated by org.testng.reporters.JUnitXMLReporter -->
<testsuite ignored="0" hostname="DESKTOP-CABRFRT" failures="0" tests="6" name="Login" time="15.706" errors="0" timestamp="30 Jun 2024 10:32:10 GMT">
  <testcase classname="com.televate.qa.testcases.LoginPageTest" name="loginPageTitleTest" time="0.045"/>
  <testcase classname="com.televate.qa.testcases.LoginPageTest" name="TelvatelogoTest" time="0.117"/>
  <testcase classname="com.televate.qa.testcases.LoginPageTest" name="ForgotPasswordTest" time="0.036"/>
  <testcase classname="com.televate.qa.testcases.LoginPageTest" name="ORTextTest" time="0.045"/>
  <testcase classname="com.televate.qa.testcases.LoginPageTest" name="SSOLoginTest" time="0.036"/>
  <testcase classname="com.televate.qa.testcases.LoginPageTest" name="loginTest" time="0.738"/>
</testsuite> <!-- Login -->
